{"ip":"LOCALHOST","url":"SERVER","level":"info","message":"Server startup finished.","timestamp":"2020-06-19 22:11:10"}
{"ip":"116.125.99.49","url":"api/login","detail":"19-70015007","level":"info","message":"Login requested.","timestamp":"2020-06-19 22:11:52"}
{"ip":"LOCALHOST","url":"SERVER","level":"info","message":"Server startup finished.","timestamp":"2020-06-19 22:19:44"}
{"ip":"LOCALHOST","url":"SERVER","level":"info","message":"Server startup finished.","timestamp":"2020-06-19 22:33:46"}
{"ip":"LOCALHOST","url":"SERVER","level":"info","message":"Server startup finished.","timestamp":"2020-06-19 22:42:06"}
{"ip":"LOCALHOST","url":"SERVER","level":"info","message":"Server startup finished.","timestamp":"2020-06-19 23:19:22"}
{"ip":"LOCALHOST","url":"SERVER","level":"info","message":"Server startup finished.","timestamp":"2020-06-19 23:19:25"}
{"ip":"LOCALHOST","url":"SERVER","level":"info","message":"Server startup finished.","timestamp":"2020-06-19 23:21:24"}
{"ip":"LOCALHOST","url":"SERVER","level":"info","message":"Server startup finished.","timestamp":"2020-06-19 23:22:52"}
{"ip":"116.125.99.49","url":"/api/register","detail":"18","level":"info","message":"Member registered.","timestamp":"2020-06-19 23:26:44"}
{"ip":"116.125.99.49","url":"api/login","detail":"18","level":"info","message":"Login requested.","timestamp":"2020-06-19 23:27:04"}
{"ip":"LOCALHOST","url":"SERVER","level":"info","message":"Server startup finished.","timestamp":"2020-06-20 00:17:46"}
{"ip":"116.125.99.49","url":"api/logout","detail":"bKla6_XYYglieb1W0GHoaOt9zd7B_zAy","level":"info","message":"Logout requested.","timestamp":"2020-06-20 00:28:38"}
{"ip":"LOCALHOST","url":"SERVER","level":"info","message":"Server startup finished.","timestamp":"2020-06-20 00:32:04"}
{"ip":"LOCALHOST","url":"SERVER","level":"info","message":"Server startup finished.","timestamp":"2020-06-20 00:32:19"}
{"ip":"LOCALHOST","url":"SERVER","level":"info","message":"Server startup finished.","timestamp":"2020-06-20 00:32:42"}
{"ip":"LOCALHOST","url":"SERVER","level":"info","message":"Server startup finished.","timestamp":"2020-06-20 00:34:28"}
{"ip":"116.125.99.49","url":"api/login","detail":"19-70015007","level":"info","message":"Login requested.","timestamp":"2020-06-20 00:36:11"}
{"ip":"LOCALHOST","url":"SERVER","level":"info","message":"Server startup finished.","timestamp":"2020-06-20 00:38:33"}
{"ip":"LOCALHOST","url":"SERVER","level":"info","message":"Server startup finished.","timestamp":"2020-06-20 00:39:30"}
{"ip":"LOCALHOST","url":"SERVER","level":"info","message":"Server startup finished.","timestamp":"2020-06-20 00:39:36"}
{"ip":"LOCALHOST","url":"SERVER","level":"info","message":"Server startup finished.","timestamp":"2020-06-20 00:41:31"}
{"ip":"116.125.99.49","url":"api/logout","detail":"RvMe8JHwQzc7n36uOctxNSSBwH8g9uU9","level":"info","message":"Logout requested.","timestamp":"2020-06-20 00:42:07"}
{"ip":"LOCALHOST","url":"SERVER","level":"info","message":"Server startup finished.","timestamp":"2020-06-20 00:43:05"}
{"ip":"LOCALHOST","url":"SERVER","level":"info","message":"Server startup finished.","timestamp":"2020-06-20 00:43:33"}
{"ip":"LOCALHOST","url":"SERVER","level":"info","message":"Server startup finished.","timestamp":"2020-06-20 00:44:46"}
{"ip":"LOCALHOST","url":"SERVER","level":"info","message":"Server startup finished.","timestamp":"2020-06-20 00:44:52"}
{"ip":"LOCALHOST","url":"SERVER","level":"info","message":"Server startup finished.","timestamp":"2020-06-20 00:45:32"}
{"ip":"LOCALHOST","url":"SERVER","level":"info","message":"Server startup finished.","timestamp":"2020-06-20 00:46:18"}
{"ip":"LOCALHOST","url":"SERVER","level":"info","message":"Server startup finished.","timestamp":"2020-06-20 00:49:49"}
{"ip":"116.125.99.49","url":"api/login","detail":"19-70015007","level":"info","message":"Login requested.","timestamp":"2020-06-20 00:50:08"}
{"ip":"LOCALHOST","url":"SERVER","level":"info","message":"Server startup finished.","timestamp":"2020-06-20 00:51:05"}
{"ip":"116.125.99.49","url":"api/login","detail":"19-70015007","level":"info","message":"Login requested.","timestamp":"2020-06-20 00:52:28"}
{"ip":"LOCALHOST","url":"SERVER","level":"info","message":"Server startup finished.","timestamp":"2020-06-20 00:53:43"}
{"ip":"LOCALHOST","url":"SERVER","level":"info","message":"Server startup finished.","timestamp":"2020-06-20 00:54:47"}
{"ip":"LOCALHOST","url":"SERVER","level":"info","message":"Server startup finished.","timestamp":"2020-06-20 00:55:13"}
{"ip":"LOCALHOST","url":"SERVER","level":"info","message":"Server startup finished.","timestamp":"2020-06-20 00:57:08"}
{"ip":"116.125.99.49","url":"api/logout","detail":"glXI_3nWDMqHNNwnWVvhD_BIbTtz3RW0","level":"info","message":"Logout requested.","timestamp":"2020-06-20 00:57:14"}
{"ip":"LOCALHOST","url":"SERVER","level":"info","message":"Server startup finished.","timestamp":"2020-06-20 00:57:28"}
{"ip":"116.125.99.49","url":"api/login","detail":"19-70015007","level":"info","message":"Login requested.","timestamp":"2020-06-20 00:57:47"}
{"ip":"LOCALHOST","url":"SERVER","level":"info","message":"Server startup finished.","timestamp":"2020-06-20 00:57:59"}
{"ip":"116.125.99.49","url":"api/logout","detail":"i2_LuKG07jGOkdMnZkinw-P9yirWYTCT","level":"info","message":"Logout requested.","timestamp":"2020-06-20 00:58:42"}
{"ip":"116.125.99.49","url":"api/login","detail":"19-70015007","level":"info","message":"Login requested.","timestamp":"2020-06-20 00:58:53"}
{"ip":"116.125.99.49","url":"api/logout","detail":"JEiWsXO-0n0haNiPUKHL1Gx9XaqGSIU2","level":"info","message":"Logout requested.","timestamp":"2020-06-20 00:58:59"}
{"ip":"116.125.99.49","url":"api/login","detail":"18","level":"info","message":"Login requested.","timestamp":"2020-06-20 00:59:05"}
{"ip":"116.125.99.49","url":"api/login","detail":"19-70015007","level":"info","message":"Login requested.","timestamp":"2020-06-20 01:02:46"}
{"ip":"LOCALHOST","url":"SERVER","level":"info","message":"Server startup finished.","timestamp":"2020-06-20 01:03:09"}
{"ip":"LOCALHOST","url":"SERVER","level":"info","message":"Server startup finished.","timestamp":"2020-06-20 01:03:12"}
{"ip":"LOCALHOST","url":"SERVER","level":"info","message":"Server startup finished.","timestamp":"2020-06-20 01:04:15"}
{"ip":"LOCALHOST","url":"SERVER","level":"info","message":"Server startup finished.","timestamp":"2020-06-20 01:04:26"}
{"ip":"LOCALHOST","url":"SERVER","level":"info","message":"Server startup finished.","timestamp":"2020-06-20 01:05:46"}
{"ip":"223.39.149.161","url":"api/login","detail":"19-70015007","level":"info","message":"Login requested.","timestamp":"2020-06-20 01:15:11"}
{"ip":"223.39.149.161","url":"api/logout","detail":"lKDvs6TFDxQxn2lBPoZ9xKND4rnv95sv","level":"info","message":"Logout requested.","timestamp":"2020-06-20 01:15:23"}
{"ip":"223.39.149.161","url":"api/login","detail":"18","level":"info","message":"Login requested.","timestamp":"2020-06-20 01:15:29"}
{"ip":"LOCALHOST","url":"SERVER","level":"info","message":"Server startup finished.","timestamp":"2020-06-20 08:59:45"}
{"ip":"223.39.149.161","url":"api/login","detail":"19-70015007","level":"info","message":"Login requested.","timestamp":"2020-06-20 08:59:49"}
{"ip":"LOCALHOST","url":"SERVER","level":"info","message":"Server startup finished.","timestamp":"2020-06-20 09:27:28"}
{"ip":"LOCALHOST","url":"SERVER","level":"info","message":"Server startup finished.","timestamp":"2020-06-20 09:28:20"}
{"ip":"LOCALHOST","url":"SERVER","level":"info","message":"Server startup finished.","timestamp":"2020-06-20 09:28:43"}
{"ip":"LOCALHOST","url":"SERVER","level":"info","message":"Server startup finished.","timestamp":"2020-06-20 09:29:42"}
{"ip":"LOCALHOST","url":"SERVER","level":"info","message":"Server startup finished.","timestamp":"2020-06-20 09:37:52"}
{"ip":"LOCALHOST","url":"SERVER","level":"info","message":"Server startup finished.","timestamp":"2020-06-20 10:06:33"}
{"ip":"LOCALHOST","url":"SERVER","level":"info","message":"Server startup finished.","timestamp":"2020-06-20 10:07:55"}
{"ip":"LOCALHOST","url":"SERVER","level":"info","message":"Server startup finished.","timestamp":"2020-06-20 10:27:01"}
{"ip":"LOCALHOST","url":"SERVER","level":"info","message":"Server startup finished.","timestamp":"2020-06-20 10:27:23"}
{"ip":"LOCALHOST","url":"SERVER","level":"info","message":"Server startup finished.","timestamp":"2020-06-20 10:27:47"}
{"ip":"LOCALHOST","url":"SERVER","level":"info","message":"Server startup finished.","timestamp":"2020-06-20 10:30:13"}
{"ip":"LOCALHOST","url":"SERVER","level":"info","message":"Server startup finished.","timestamp":"2020-06-20 10:58:52"}
{"ip":"LOCALHOST","url":"SERVER","level":"info","message":"Server startup finished.","timestamp":"2020-06-20 11:00:30"}
{"ip":"LOCALHOST","url":"SERVER","level":"info","message":"Server startup finished.","timestamp":"2020-06-20 11:01:14"}
{"ip":"LOCALHOST","url":"SERVER","level":"info","message":"Server startup finished.","timestamp":"2020-06-20 11:01:29"}
{"ip":"LOCALHOST","url":"SERVER","level":"info","message":"Server startup finished.","timestamp":"2020-06-20 11:01:42"}
{"ip":"LOCALHOST","url":"SERVER","level":"info","message":"Server startup finished.","timestamp":"2020-06-20 11:44:08"}
{"ip":"223.39.149.161","url":"api/logout","detail":"rB2aowzcMEPopQk3LV7vi1eckL9zIIGp","level":"info","message":"Logout requested.","timestamp":"2020-06-20 18:02:31"}
{"ip":"223.39.149.161","url":"api/login","detail":"19-70015007","level":"info","message":"Login requested.","timestamp":"2020-06-20 18:03:17"}
{"ip":"223.39.149.161","url":"api/logout","detail":"vW1fvIx7Gq0uv8mNCl16WxhKf6oj_zZS","level":"info","message":"Logout requested.","timestamp":"2020-06-20 18:03:19"}
{"ip":"192.168.0.1","url":"api/logout","detail":"F--HL7wqyKZIG6lXGZQwSHUKBUdIuIgF","level":"info","message":"Logout requested.","timestamp":"2020-06-21 04:36:27"}
{"ip":"192.168.0.1","url":"api/login","detail":"18","level":"info","message":"Login requested.","timestamp":"2020-06-21 04:36:43"}
{"ip":"LOCALHOST","url":"SERVER","level":"info","message":"Server startup finished.","timestamp":"2020-06-21 09:57:19"}
{"ip":"LOCALHOST","url":"SERVER","level":"info","message":"Server startup finished.","timestamp":"2020-06-21 09:59:27"}
{"ip":"LOCALHOST","url":"SERVER","level":"info","message":"Server startup finished.","timestamp":"2020-06-21 10:00:03"}
{"ip":"LOCALHOST","url":"SERVER","level":"info","message":"Server startup finished.","timestamp":"2020-06-21 10:00:26"}
{"ip":"LOCALHOST","url":"SERVER","level":"info","message":"Server startup finished.","timestamp":"2020-06-21 10:03:49"}
{"ip":"LOCALHOST","url":"SERVER","level":"info","message":"Server startup finished.","timestamp":"2020-06-21 10:05:50"}
{"ip":"LOCALHOST","url":"SERVER","level":"info","message":"Server startup finished.","timestamp":"2020-06-21 10:06:03"}
{"ip":"LOCALHOST","url":"SERVER","level":"info","message":"Server startup finished.","timestamp":"2020-06-21 10:06:38"}
{"ip":"LOCALHOST","url":"SERVER","level":"info","message":"Server startup finished.","timestamp":"2020-06-21 10:07:21"}
{"ip":"LOCALHOST","url":"SERVER","level":"info","message":"Server startup finished.","timestamp":"2020-06-21 10:09:06"}
{"ip":"LOCALHOST","url":"SERVER","level":"info","message":"Server startup finished.","timestamp":"2020-06-21 10:10:04"}
{"ip":"LOCALHOST","url":"SERVER","level":"info","message":"Server startup finished.","timestamp":"2020-06-21 10:11:49"}
{"ip":"LOCALHOST","url":"SERVER","level":"info","message":"Server startup finished.","timestamp":"2020-06-21 10:12:21"}
{"ip":"LOCALHOST","url":"SERVER","level":"info","message":"Server startup finished.","timestamp":"2020-06-21 10:12:55"}
{"ip":"LOCALHOST","url":"SERVER","level":"info","message":"Server startup finished.","timestamp":"2020-06-21 10:13:10"}
{"ip":"LOCALHOST","url":"SERVER","level":"info","message":"Server startup finished.","timestamp":"2020-06-21 10:14:31"}
{"ip":"LOCALHOST","url":"SERVER","level":"info","message":"Server startup finished.","timestamp":"2020-06-21 10:15:04"}
{"ip":"LOCALHOST","url":"SERVER","level":"info","message":"Server startup finished.","timestamp":"2020-06-21 10:16:02"}
{"ip":"LOCALHOST","url":"SERVER","level":"info","message":"Server startup finished.","timestamp":"2020-06-21 10:17:31"}
{"ip":"LOCALHOST","url":"SERVER","level":"info","message":"Server startup finished.","timestamp":"2020-06-21 10:19:05"}
{"ip":"LOCALHOST","url":"SERVER","level":"info","message":"Server startup finished.","timestamp":"2020-06-21 10:19:47"}
{"ip":"LOCALHOST","url":"SERVER","level":"info","message":"Server startup finished.","timestamp":"2020-06-21 10:20:15"}
{"ip":"LOCALHOST","url":"SERVER","level":"info","message":"Server startup finished.","timestamp":"2020-06-21 10:21:06"}
{"ip":"LOCALHOST","url":"SERVER","level":"info","message":"Server startup finished.","timestamp":"2020-06-21 10:22:17"}
{"ip":"LOCALHOST","url":"SERVER","level":"info","message":"Server startup finished.","timestamp":"2020-06-21 10:23:20"}
{"ip":"LOCALHOST","url":"SERVER","level":"info","message":"Server startup finished.","timestamp":"2020-06-21 10:23:29"}
{"ip":"LOCALHOST","url":"SERVER","level":"info","message":"Server startup finished.","timestamp":"2020-06-21 10:23:48"}
{"ip":"LOCALHOST","url":"SERVER","level":"info","message":"Server startup finished.","timestamp":"2020-06-21 10:24:41"}
{"ip":"LOCALHOST","url":"SERVER","level":"info","message":"Server startup finished.","timestamp":"2020-06-21 10:24:55"}
{"ip":"LOCALHOST","url":"SERVER","level":"info","message":"Server startup finished.","timestamp":"2020-06-21 10:25:28"}
{"ip":"LOCALHOST","url":"SERVER","level":"info","message":"Server startup finished.","timestamp":"2020-06-21 10:25:46"}
{"ip":"LOCALHOST","url":"SERVER","level":"info","message":"Server startup finished.","timestamp":"2020-06-21 10:26:41"}
{"ip":"LOCALHOST","url":"SERVER","level":"info","message":"Server startup finished.","timestamp":"2020-06-21 10:26:57"}
{"ip":"LOCALHOST","url":"SERVER","level":"info","message":"Server startup finished.","timestamp":"2020-06-21 10:27:23"}
{"ip":"192.168.0.1","url":"api/logout","detail":"CfK3IlNxaWthb5aMcqfxTHfWbV9pkyeh","level":"info","message":"Logout requested.","timestamp":"2020-06-21 10:30:07"}
{"ip":"LOCALHOST","url":"SERVER","level":"info","message":"Server startup finished.","timestamp":"2020-06-21 10:32:11"}
{"ip":"LOCALHOST","url":"SERVER","level":"info","message":"Server startup finished.","timestamp":"2020-06-21 10:32:13"}
{"ip":"LOCALHOST","url":"SERVER","level":"info","message":"Server startup finished.","timestamp":"2020-06-21 10:32:33"}
{"ip":"192.168.0.1","url":"api/login","detail":"18","level":"info","message":"Login requested.","timestamp":"2020-06-21 10:32:38"}
{"ip":"192.168.0.1","url":"api/logout","detail":"QLcvtG6bnGDL4rKlEV8cUrFtFMh8uo9m","level":"info","message":"Logout requested.","timestamp":"2020-06-21 10:32:41"}
{"ip":"192.168.0.1","url":"api/login","detail":"19-70015007","level":"info","message":"Login requested.","timestamp":"2020-06-21 10:32:54"}
{"ip":"192.168.0.1","url":"api/logout","detail":"8EwkbG19UB9XfYToYlBWPkHBdlccNnns","level":"info","message":"Logout requested.","timestamp":"2020-06-21 10:33:04"}
{"ip":"192.168.0.1","url":"api/login","detail":"18","level":"info","message":"Login requested.","timestamp":"2020-06-21 10:33:11"}
{"ip":"LOCALHOST","url":"SERVER","level":"info","message":"Server startup finished.","timestamp":"2020-06-21 10:37:19"}
{"ip":"LOCALHOST","url":"SERVER","level":"info","message":"Server startup finished.","timestamp":"2020-06-21 10:40:58"}
{"ip":"LOCALHOST","url":"SERVER","level":"info","message":"Server startup finished.","timestamp":"2020-06-21 10:42:37"}
{"ip":"LOCALHOST","url":"SERVER","level":"info","message":"Server startup finished.","timestamp":"2020-06-21 10:43:12"}
{"ip":"LOCALHOST","url":"SERVER","level":"info","message":"Server startup finished.","timestamp":"2020-06-21 10:48:56"}
{"ip":"LOCALHOST","url":"SERVER","level":"info","message":"Server startup finished.","timestamp":"2020-06-21 10:53:27"}
{"ip":"LOCALHOST","url":"SERVER","level":"info","message":"Server startup finished.","timestamp":"2020-06-21 10:53:43"}
{"ip":"LOCALHOST","url":"SERVER","level":"info","message":"Server startup finished.","timestamp":"2020-06-21 11:06:26"}
{"ip":"192.168.0.1","url":"api/logout","level":"info","message":"Logout requested.","timestamp":"2020-06-21 11:08:25"}
{"ip":"192.168.0.1","url":"api/login","detail":"18","level":"info","message":"Login requested.","timestamp":"2020-06-21 11:09:29"}
{"ip":"192.168.0.1","url":"api/logout","detail":"18","level":"info","message":"Logout requested.","timestamp":"2020-06-21 11:09:31"}
{"ip":"192.168.0.1","url":"api/login","detail":"18","level":"info","message":"Login requested.","timestamp":"2020-06-21 11:14:38"}
{"ip":"192.168.0.1","url":"api/login","detail":"18","level":"info","message":"Login requested.","timestamp":"2020-06-21 14:09:09"}
{"ip":"192.168.0.1","url":"api/login","detail":"18","level":"info","message":"Login requested.","timestamp":"2020-06-21 14:11:32"}
{"ip":"LOCALHOST","url":"SERVER","level":"info","message":"Server startup finished.","timestamp":"2020-06-21 14:19:21"}
{"ip":"LOCALHOST","url":"SERVER","level":"info","message":"Server startup finished.","timestamp":"2020-06-21 14:21:02"}
{"ip":"LOCALHOST","url":"SERVER","level":"info","message":"Server startup finished.","timestamp":"2020-06-21 14:21:05"}
{"ip":"LOCALHOST","url":"SERVER","level":"info","message":"Server startup finished.","timestamp":"2020-06-21 14:21:09"}
{"ip":"LOCALHOST","url":"SERVER","level":"info","message":"Server startup finished.","timestamp":"2020-06-21 14:21:13"}
{"ip":"LOCALHOST","url":"SERVER","level":"info","message":"Server startup finished.","timestamp":"2020-06-21 14:21:50"}
{"ip":"LOCALHOST","url":"SERVER","level":"info","message":"Server startup finished.","timestamp":"2020-06-21 14:23:48"}
{"ip":"LOCALHOST","url":"SERVER","level":"info","message":"Server startup finished.","timestamp":"2020-06-21 14:24:00"}
{"ip":"LOCALHOST","url":"SERVER","level":"info","message":"Server startup finished.","timestamp":"2020-06-21 14:24:02"}
{"ip":"LOCALHOST","url":"SERVER","level":"info","message":"Server startup finished.","timestamp":"2020-06-21 14:25:05"}
{"ip":"LOCALHOST","url":"SERVER","level":"info","message":"Server startup finished.","timestamp":"2020-06-21 14:38:43"}
{"ip":"LOCALHOST","url":"SERVER","level":"info","message":"Server startup finished.","timestamp":"2020-06-21 14:38:46"}
{"ip":"LOCALHOST","url":"SERVER","level":"info","message":"Server startup finished.","timestamp":"2020-06-21 14:40:19"}
{"ip":"LOCALHOST","url":"SERVER","level":"info","message":"Server startup finished.","timestamp":"2020-06-21 14:58:16"}
{"ip":"LOCALHOST","url":"SERVER","level":"info","message":"Server startup finished.","timestamp":"2020-06-21 15:00:42"}
{"ip":"LOCALHOST","url":"SERVER","level":"info","message":"Server startup finished.","timestamp":"2020-06-21 15:00:43"}
{"ip":"LOCALHOST","url":"SERVER","level":"info","message":"Server startup finished.","timestamp":"2020-06-21 15:04:43"}
{"ip":"LOCALHOST","url":"SERVER","level":"info","message":"Server startup finished.","timestamp":"2020-06-21 15:06:09"}
{"ip":"LOCALHOST","url":"SERVER","level":"info","message":"Server startup finished.","timestamp":"2020-06-21 15:14:15"}
{"ip":"192.168.0.1","url":"api/logout","detail":"18","level":"info","message":"Logout requested.","timestamp":"2020-06-21 15:14:30"}
{"ip":"192.168.0.1","url":"api/logout","detail":"18","level":"info","message":"Logout requested.","timestamp":"2020-06-21 15:24:07"}
{"ip":"LOCALHOST","url":"SERVER","level":"info","message":"Server startup finished.","timestamp":"2020-06-21 15:35:07"}
{"ip":"LOCALHOST","url":"SERVER","level":"info","message":"Server startup finished.","timestamp":"2020-06-21 15:35:25"}
{"ip":"LOCALHOST","url":"SERVER","level":"info","message":"Server startup finished.","timestamp":"2020-06-21 15:36:17"}
{"ip":"LOCALHOST","url":"SERVER","level":"info","message":"Server startup finished.","timestamp":"2020-06-21 15:37:14"}
{"ip":"LOCALHOST","url":"SERVER","level":"info","message":"Server startup finished.","timestamp":"2020-06-21 15:38:53"}
{"ip":"LOCALHOST","url":"SERVER","level":"info","message":"Server startup finished.","timestamp":"2020-06-21 15:39:47"}
{"ip":"LOCALHOST","url":"SERVER","level":"info","message":"Server startup finished.","timestamp":"2020-06-21 15:39:52"}
{"ip":"LOCALHOST","url":"SERVER","level":"info","message":"Server startup finished.","timestamp":"2020-06-21 15:41:25"}
{"ip":"LOCALHOST","url":"SERVER","level":"info","message":"Server startup finished.","timestamp":"2020-06-21 15:41:51"}
{"ip":"LOCALHOST","url":"SERVER","level":"info","message":"Server startup finished.","timestamp":"2020-06-21 15:42:03"}
{"ip":"LOCALHOST","url":"SERVER","level":"info","message":"Server startup finished.","timestamp":"2020-06-21 15:42:58"}
{"ip":"192.168.0.1","url":"/api/register","detail":"111","level":"info","message":"Admin registered.","timestamp":"2020-06-21 15:44:18"}
{"ip":"192.168.0.1","url":"api/login","detail":"111","level":"info","message":"Login requested.","timestamp":"2020-06-21 15:44:24"}
{"ip":"192.168.0.1","url":"api/logout","detail":"111","level":"info","message":"Logout requested.","timestamp":"2020-06-21 15:44:48"}
{"ip":"192.168.0.1","url":"/api/register","detail":"222","level":"info","message":"Member registered.","timestamp":"2020-06-21 15:45:16"}
{"ip":"192.168.0.1","url":"api/login","detail":"222","level":"info","message":"Login requested.","timestamp":"2020-06-21 15:45:26"}
{"ip":"192.168.0.1","url":"api/logout","detail":"222","level":"info","message":"Logout requested.","timestamp":"2020-06-21 15:47:29"}
{"ip":"LOCALHOST","url":"SERVER","level":"info","message":"Server startup finished.","timestamp":"2020-06-21 15:47:34"}
{"ip":"192.168.0.1","url":"api/login","detail":"222","level":"info","message":"Login requested.","timestamp":"2020-06-21 15:47:38"}
{"ip":"192.168.0.1","url":"api/logout","detail":"222","level":"info","message":"Logout requested.","timestamp":"2020-06-21 15:47:55"}
{"ip":"192.168.0.1","url":"/api/register","detail":"333","level":"info","message":"Member registered.","timestamp":"2020-06-21 15:48:19"}
{"ip":"192.168.0.1","url":"api/login","detail":"333","level":"info","message":"Login requested.","timestamp":"2020-06-21 15:48:26"}
{"ip":"192.168.0.1","url":"api/logout","detail":"333","level":"info","message":"Logout requested.","timestamp":"2020-06-21 15:48:34"}
{"ip":"192.168.0.1","url":"api/login","detail":"222","level":"info","message":"Login requested.","timestamp":"2020-06-21 15:49:46"}
{"ip":"LOCALHOST","url":"SERVER","level":"info","message":"Server startup finished.","timestamp":"2020-06-21 15:51:28"}
{"ip":"LOCALHOST","url":"SERVER","level":"info","message":"Server startup finished.","timestamp":"2020-06-21 15:51:56"}
{"ip":"LOCALHOST","url":"SERVER","level":"info","message":"Server startup finished.","timestamp":"2020-06-21 15:52:48"}
{"ip":"LOCALHOST","url":"SERVER","level":"info","message":"Server startup finished.","timestamp":"2020-06-21 15:53:03"}
{"ip":"LOCALHOST","url":"SERVER","level":"info","message":"Server startup finished.","timestamp":"2020-06-21 15:53:22"}
{"ip":"LOCALHOST","url":"SERVER","level":"info","message":"Server startup finished.","timestamp":"2020-06-21 15:57:06"}
{"ip":"LOCALHOST","url":"SERVER","level":"info","message":"Server startup finished.","timestamp":"2020-06-21 15:57:09"}
{"ip":"LOCALHOST","url":"SERVER","level":"info","message":"Server startup finished.","timestamp":"2020-06-21 15:57:11"}
{"ip":"LOCALHOST","url":"SERVER","level":"info","message":"Server startup finished.","timestamp":"2020-06-21 15:58:10"}
{"ip":"LOCALHOST","url":"SERVER","level":"info","message":"Server startup finished.","timestamp":"2020-06-21 16:00:04"}
{"ip":"LOCALHOST","url":"SERVER","level":"info","message":"Server startup finished.","timestamp":"2020-06-21 16:01:00"}
{"ip":"LOCALHOST","url":"SERVER","level":"info","message":"Server startup finished.","timestamp":"2020-06-21 16:02:51"}
{"ip":"LOCALHOST","url":"SERVER","level":"info","message":"Server startup finished.","timestamp":"2020-06-21 16:02:57"}
{"ip":"LOCALHOST","url":"SERVER","level":"info","message":"Server startup finished.","timestamp":"2020-06-21 16:03:52"}
{"ip":"LOCALHOST","url":"SERVER","level":"info","message":"Server startup finished.","timestamp":"2020-06-21 16:04:21"}
{"ip":"LOCALHOST","url":"SERVER","level":"info","message":"Server startup finished.","timestamp":"2020-06-21 16:05:25"}
{"ip":"LOCALHOST","url":"SERVER","level":"info","message":"Server startup finished.","timestamp":"2020-06-21 16:05:35"}
{"ip":"LOCALHOST","url":"SERVER","level":"info","message":"Server startup finished.","timestamp":"2020-06-21 16:05:55"}
{"ip":"LOCALHOST","url":"SERVER","level":"info","message":"Server startup finished.","timestamp":"2020-06-21 16:07:01"}
{"ip":"LOCALHOST","url":"SERVER","level":"info","message":"Server startup finished.","timestamp":"2020-06-21 16:11:10"}
{"ip":"LOCALHOST","url":"SERVER","level":"info","message":"Server startup finished.","timestamp":"2020-06-21 16:11:13"}
{"ip":"LOCALHOST","url":"SERVER","level":"info","message":"Server startup finished.","timestamp":"2020-06-21 16:11:15"}
{"ip":"LOCALHOST","url":"SERVER","level":"info","message":"Server startup finished.","timestamp":"2020-06-21 16:11:35"}
{"ip":"LOCALHOST","url":"SERVER","level":"info","message":"Server startup finished.","timestamp":"2020-06-21 16:12:03"}
{"ip":"192.168.0.1","url":"api/login","detail":"222","level":"info","message":"Login requested.","timestamp":"2020-06-21 16:18:43"}
{"ip":"LOCALHOST","url":"SERVER","level":"info","message":"Server startup finished.","timestamp":"2020-06-21 16:21:51"}
{"ip":"LOCALHOST","url":"SERVER","level":"info","message":"Server startup finished.","timestamp":"2020-06-21 16:22:11"}
{"ip":"LOCALHOST","url":"SERVER","level":"info","message":"Server startup finished.","timestamp":"2020-06-21 16:23:40"}
{"ip":"LOCALHOST","url":"SERVER","level":"info","message":"Server startup finished.","timestamp":"2020-06-21 16:24:23"}
{"ip":"LOCALHOST","url":"SERVER","level":"info","message":"Server startup finished.","timestamp":"2020-06-21 16:25:00"}
{"ip":"LOCALHOST","url":"SERVER","level":"info","message":"Server startup finished.","timestamp":"2020-06-21 16:25:15"}
{"ip":"LOCALHOST","url":"SERVER","level":"info","message":"Server startup finished.","timestamp":"2020-06-21 16:25:27"}
{"ip":"LOCALHOST","url":"SERVER","level":"info","message":"Server startup finished.","timestamp":"2020-06-21 16:26:31"}
{"ip":"LOCALHOST","url":"SERVER","level":"info","message":"Server startup finished.","timestamp":"2020-06-21 16:27:44"}
{"ip":"LOCALHOST","url":"SERVER","level":"info","message":"Server startup finished.","timestamp":"2020-06-21 16:28:20"}
{"ip":"LOCALHOST","url":"SERVER","level":"info","message":"Server startup finished.","timestamp":"2020-06-21 16:28:22"}
{"ip":"LOCALHOST","url":"SERVER","level":"info","message":"Server startup finished.","timestamp":"2020-06-21 16:29:13"}
{"ip":"LOCALHOST","url":"SERVER","level":"info","message":"Server startup finished.","timestamp":"2020-06-21 16:29:26"}
{"ip":"LOCALHOST","url":"SERVER","level":"info","message":"Server startup finished.","timestamp":"2020-06-21 16:29:34"}
{"ip":"LOCALHOST","url":"SERVER","level":"info","message":"Server startup finished.","timestamp":"2020-06-21 16:29:38"}
{"ip":"LOCALHOST","url":"SERVER","level":"info","message":"Server startup finished.","timestamp":"2020-06-21 16:30:01"}
{"ip":"LOCALHOST","url":"SERVER","level":"info","message":"Server startup finished.","timestamp":"2020-06-21 16:30:32"}
{"ip":"LOCALHOST","url":"SERVER","level":"info","message":"Server startup finished.","timestamp":"2020-06-21 16:30:57"}
{"ip":"LOCALHOST","url":"SERVER","level":"info","message":"Server startup finished.","timestamp":"2020-06-21 16:31:57"}
{"ip":"LOCALHOST","url":"SERVER","level":"info","message":"Server startup finished.","timestamp":"2020-06-21 16:38:28"}
{"ip":"LOCALHOST","url":"SERVER","level":"info","message":"Server startup finished.","timestamp":"2020-06-21 16:38:44"}
{"ip":"LOCALHOST","url":"SERVER","level":"info","message":"Server startup finished.","timestamp":"2020-06-21 16:39:34"}
{"ip":"LOCALHOST","url":"SERVER","level":"info","message":"Server startup finished.","timestamp":"2020-06-21 16:41:29"}
{"ip":"LOCALHOST","url":"SERVER","level":"info","message":"Server startup finished.","timestamp":"2020-06-21 16:43:42"}
{"ip":"LOCALHOST","url":"SERVER","level":"info","message":"Server startup finished.","timestamp":"2020-06-21 16:44:35"}
{"ip":"LOCALHOST","url":"SERVER","level":"info","message":"Server startup finished.","timestamp":"2020-06-21 16:44:38"}
{"ip":"LOCALHOST","url":"SERVER","level":"info","message":"Server startup finished.","timestamp":"2020-06-21 16:46:02"}
{"ip":"LOCALHOST","url":"SERVER","level":"info","message":"Server startup finished.","timestamp":"2020-06-21 16:48:59"}
{"ip":"LOCALHOST","url":"SERVER","level":"info","message":"Server startup finished.","timestamp":"2020-06-21 16:49:12"}
{"ip":"LOCALHOST","url":"SERVER","level":"info","message":"Server startup finished.","timestamp":"2020-06-21 16:49:38"}
{"ip":"LOCALHOST","url":"SERVER","level":"info","message":"Server startup finished.","timestamp":"2020-06-21 16:50:05"}
{"ip":"LOCALHOST","url":"SERVER","level":"info","message":"Server startup finished.","timestamp":"2020-06-21 16:51:33"}
{"ip":"LOCALHOST","url":"SERVER","level":"info","message":"Server startup finished.","timestamp":"2020-06-21 16:52:31"}
{"ip":"LOCALHOST","url":"SERVER","level":"info","message":"Server startup finished.","timestamp":"2020-06-21 16:52:54"}
{"ip":"LOCALHOST","url":"SERVER","level":"info","message":"Server startup finished.","timestamp":"2020-06-21 16:54:03"}
{"ip":"LOCALHOST","url":"SERVER","level":"info","message":"Server startup finished.","timestamp":"2020-06-21 16:54:54"}
{"ip":"LOCALHOST","url":"SERVER","level":"info","message":"Server startup finished.","timestamp":"2020-06-21 16:56:33"}
{"ip":"LOCALHOST","url":"SERVER","level":"info","message":"Server startup finished.","timestamp":"2020-06-21 16:57:08"}
{"ip":"LOCALHOST","url":"SERVER","level":"info","message":"Server startup finished.","timestamp":"2020-06-21 16:57:19"}
{"ip":"LOCALHOST","url":"SERVER","level":"info","message":"Server startup finished.","timestamp":"2020-06-21 16:57:38"}
{"ip":"LOCALHOST","url":"SERVER","level":"info","message":"Server startup finished.","timestamp":"2020-06-21 17:01:53"}
{"ip":"LOCALHOST","url":"SERVER","level":"info","message":"Server startup finished.","timestamp":"2020-06-21 17:02:07"}
{"ip":"LOCALHOST","url":"SERVER","level":"info","message":"Server startup finished.","timestamp":"2020-06-21 17:02:14"}
{"ip":"LOCALHOST","url":"SERVER","level":"info","message":"Server startup finished.","timestamp":"2020-06-21 17:02:19"}
{"ip":"LOCALHOST","url":"SERVER","level":"info","message":"Server startup finished.","timestamp":"2020-06-21 17:02:31"}
{"ip":"LOCALHOST","url":"SERVER","level":"info","message":"Server startup finished.","timestamp":"2020-06-21 17:02:46"}
{"ip":"LOCALHOST","url":"SERVER","level":"info","message":"Server startup finished.","timestamp":"2020-06-21 17:04:04"}
{"ip":"LOCALHOST","url":"SERVER","level":"info","message":"Server startup finished.","timestamp":"2020-06-21 17:04:18"}
{"ip":"LOCALHOST","url":"SERVER","level":"info","message":"Server startup finished.","timestamp":"2020-06-21 17:04:56"}
{"ip":"LOCALHOST","url":"SERVER","level":"info","message":"Server startup finished.","timestamp":"2020-06-21 17:05:27"}
{"ip":"LOCALHOST","url":"SERVER","level":"info","message":"Server startup finished.","timestamp":"2020-06-21 17:07:30"}
{"ip":"LOCALHOST","url":"SERVER","level":"info","message":"Server startup finished.","timestamp":"2020-06-21 17:07:41"}
{"ip":"LOCALHOST","url":"SERVER","level":"info","message":"Server startup finished.","timestamp":"2020-06-21 17:21:02"}
{"ip":"LOCALHOST","url":"SERVER","level":"info","message":"Server startup finished.","timestamp":"2020-06-21 17:21:18"}
{"ip":"LOCALHOST","url":"SERVER","level":"info","message":"Server startup finished.","timestamp":"2020-06-21 17:21:30"}
{"ip":"LOCALHOST","url":"SERVER","level":"info","message":"Server startup finished.","timestamp":"2020-06-21 17:22:17"}
{"ip":"LOCALHOST","url":"SERVER","level":"info","message":"Server startup finished.","timestamp":"2020-06-21 17:24:33"}
{"ip":"LOCALHOST","url":"SERVER","level":"info","message":"Server startup finished.","timestamp":"2020-06-21 17:24:59"}
{"ip":"LOCALHOST","url":"SERVER","level":"info","message":"Server startup finished.","timestamp":"2020-06-21 17:25:57"}
{"ip":"LOCALHOST","url":"SERVER","level":"info","message":"Server startup finished.","timestamp":"2020-06-21 17:27:19"}
{"ip":"LOCALHOST","url":"SERVER","level":"info","message":"Server startup finished.","timestamp":"2020-06-21 17:31:31"}
{"ip":"LOCALHOST","url":"SERVER","level":"info","message":"Server startup finished.","timestamp":"2020-06-21 17:31:56"}
{"ip":"LOCALHOST","url":"SERVER","level":"info","message":"Server startup finished.","timestamp":"2020-06-21 17:32:14"}
{"ip":"LOCALHOST","url":"SERVER","level":"info","message":"Server startup finished.","timestamp":"2020-06-21 17:32:42"}
{"ip":"LOCALHOST","url":"SERVER","level":"info","message":"Server startup finished.","timestamp":"2020-06-21 17:34:14"}
{"ip":"LOCALHOST","url":"SERVER","level":"info","message":"Server startup finished.","timestamp":"2020-06-21 17:34:25"}
{"ip":"LOCALHOST","url":"SERVER","level":"info","message":"Server startup finished.","timestamp":"2020-06-21 17:34:52"}
{"ip":"LOCALHOST","url":"SERVER","level":"info","message":"Server startup finished.","timestamp":"2020-06-21 17:35:07"}
{"ip":"LOCALHOST","url":"SERVER","level":"info","message":"Server startup finished.","timestamp":"2020-06-21 17:35:40"}
{"ip":"LOCALHOST","url":"SERVER","level":"info","message":"Server startup finished.","timestamp":"2020-06-21 17:43:46"}
{"ip":"LOCALHOST","url":"SERVER","level":"info","message":"Server startup finished.","timestamp":"2020-06-21 17:55:09"}
{"ip":"LOCALHOST","url":"SERVER","level":"info","message":"Server startup finished.","timestamp":"2020-06-21 17:55:23"}
{"ip":"LOCALHOST","url":"SERVER","level":"info","message":"Server startup finished.","timestamp":"2020-06-21 17:55:24"}
{"ip":"LOCALHOST","url":"SERVER","level":"info","message":"Server startup finished.","timestamp":"2020-06-21 17:58:43"}
{"ip":"LOCALHOST","url":"SERVER","level":"info","message":"Server startup finished.","timestamp":"2020-06-21 18:02:22"}
{"ip":"LOCALHOST","url":"SERVER","level":"info","message":"Server startup finished.","timestamp":"2020-06-21 18:02:42"}
{"ip":"LOCALHOST","url":"SERVER","level":"info","message":"Server startup finished.","timestamp":"2020-06-21 18:02:56"}
{"ip":"LOCALHOST","url":"SERVER","level":"info","message":"Server startup finished.","timestamp":"2020-06-21 18:02:59"}
{"ip":"LOCALHOST","url":"SERVER","level":"info","message":"Server startup finished.","timestamp":"2020-06-21 18:04:42"}
{"ip":"LOCALHOST","url":"SERVER","level":"info","message":"Server startup finished.","timestamp":"2020-06-21 18:04:43"}
{"ip":"LOCALHOST","url":"SERVER","level":"info","message":"Server startup finished.","timestamp":"2020-06-21 18:04:48"}
{"ip":"LOCALHOST","url":"SERVER","level":"info","message":"Server startup finished.","timestamp":"2020-06-21 18:04:57"}
{"ip":"LOCALHOST","url":"SERVER","level":"info","message":"Server startup finished.","timestamp":"2020-06-21 18:16:32"}
{"ip":"LOCALHOST","url":"SERVER","level":"info","message":"Server startup finished.","timestamp":"2020-06-21 18:17:14"}
{"ip":"LOCALHOST","url":"SERVER","level":"info","message":"Server startup finished.","timestamp":"2020-06-21 18:17:28"}
{"ip":"LOCALHOST","url":"SERVER","level":"info","message":"Server startup finished.","timestamp":"2020-06-21 18:17:47"}
{"ip":"LOCALHOST","url":"SERVER","level":"info","message":"Server startup finished.","timestamp":"2020-06-21 18:18:04"}
{"ip":"LOCALHOST","url":"SERVER","level":"info","message":"Server startup finished.","timestamp":"2020-06-21 18:18:46"}
{"ip":"LOCALHOST","url":"SERVER","level":"info","message":"Server startup finished.","timestamp":"2020-06-21 18:18:51"}
{"ip":"LOCALHOST","url":"SERVER","level":"info","message":"Server startup finished.","timestamp":"2020-06-21 18:19:04"}
{"ip":"LOCALHOST","url":"SERVER","level":"info","message":"Server startup finished.","timestamp":"2020-06-21 18:19:35"}
{"ip":"LOCALHOST","url":"SERVER","level":"info","message":"Server startup finished.","timestamp":"2020-06-21 18:19:42"}
{"ip":"LOCALHOST","url":"SERVER","level":"info","message":"Server startup finished.","timestamp":"2020-06-21 18:22:23"}
{"ip":"LOCALHOST","url":"SERVER","level":"info","message":"Server startup finished.","timestamp":"2020-06-21 18:23:37"}
{"ip":"LOCALHOST","url":"SERVER","level":"info","message":"Server startup finished.","timestamp":"2020-06-21 18:25:39"}
{"ip":"LOCALHOST","url":"SERVER","level":"info","message":"Server startup finished.","timestamp":"2020-06-21 18:26:00"}
{"ip":"LOCALHOST","url":"SERVER","level":"info","message":"Server startup finished.","timestamp":"2020-06-21 18:26:09"}
{"ip":"LOCALHOST","url":"SERVER","level":"info","message":"Server startup finished.","timestamp":"2020-06-21 18:26:19"}
{"ip":"LOCALHOST","url":"SERVER","level":"info","message":"Server startup finished.","timestamp":"2020-06-21 18:26:56"}
{"ip":"LOCALHOST","url":"SERVER","level":"info","message":"Server startup finished.","timestamp":"2020-06-21 18:27:02"}
{"ip":"LOCALHOST","url":"SERVER","level":"info","message":"Server startup finished.","timestamp":"2020-06-21 18:27:07"}
{"ip":"LOCALHOST","url":"SERVER","level":"info","message":"Server startup finished.","timestamp":"2020-06-21 18:27:26"}
{"ip":"LOCALHOST","url":"SERVER","level":"info","message":"Server startup finished.","timestamp":"2020-06-21 18:27:43"}
{"ip":"LOCALHOST","url":"SERVER","level":"info","message":"Server startup finished.","timestamp":"2020-06-21 18:28:59"}
{"ip":"LOCALHOST","url":"SERVER","level":"info","message":"Server startup finished.","timestamp":"2020-06-21 18:29:37"}
{"ip":"LOCALHOST","url":"SERVER","level":"info","message":"Server startup finished.","timestamp":"2020-06-21 18:29:49"}
{"ip":"LOCALHOST","url":"SERVER","level":"info","message":"Server startup finished.","timestamp":"2020-06-21 18:30:28"}
{"ip":"LOCALHOST","url":"SERVER","level":"info","message":"Server startup finished.","timestamp":"2020-06-21 18:32:21"}
{"ip":"LOCALHOST","url":"SERVER","level":"info","message":"Server startup finished.","timestamp":"2020-06-21 18:32:33"}
{"ip":"LOCALHOST","url":"SERVER","level":"info","message":"Server startup finished.","timestamp":"2020-06-21 18:32:44"}
{"ip":"LOCALHOST","url":"SERVER","level":"info","message":"Server startup finished.","timestamp":"2020-06-21 18:33:45"}
{"ip":"LOCALHOST","url":"SERVER","level":"info","message":"Server startup finished.","timestamp":"2020-06-21 18:34:23"}
{"ip":"LOCALHOST","url":"SERVER","level":"info","message":"Server startup finished.","timestamp":"2020-06-21 18:34:31"}
{"ip":"LOCALHOST","url":"SERVER","level":"info","message":"Server startup finished.","timestamp":"2020-06-21 18:35:37"}
{"ip":"LOCALHOST","url":"SERVER","level":"info","message":"Server startup finished.","timestamp":"2020-06-21 18:35:57"}
{"ip":"LOCALHOST","url":"SERVER","level":"info","message":"Server startup finished.","timestamp":"2020-06-21 18:36:00"}
{"ip":"LOCALHOST","url":"SERVER","level":"info","message":"Server startup finished.","timestamp":"2020-06-21 18:36:21"}
{"ip":"LOCALHOST","url":"SERVER","level":"info","message":"Server startup finished.","timestamp":"2020-06-21 18:37:17"}
{"ip":"LOCALHOST","url":"SERVER","level":"info","message":"Server startup finished.","timestamp":"2020-06-21 18:37:35"}
{"ip":"LOCALHOST","url":"SERVER","level":"info","message":"Server startup finished.","timestamp":"2020-06-21 18:37:39"}
{"ip":"LOCALHOST","url":"SERVER","level":"info","message":"Server startup finished.","timestamp":"2020-06-21 18:38:15"}
{"ip":"LOCALHOST","url":"SERVER","level":"info","message":"Server startup finished.","timestamp":"2020-06-21 18:38:56"}
{"ip":"LOCALHOST","url":"SERVER","level":"info","message":"Server startup finished.","timestamp":"2020-06-21 18:39:45"}
{"ip":"LOCALHOST","url":"SERVER","level":"info","message":"Server startup finished.","timestamp":"2020-06-21 18:39:59"}
{"ip":"LOCALHOST","url":"SERVER","level":"info","message":"Server startup finished.","timestamp":"2020-06-21 18:40:22"}
{"ip":"LOCALHOST","url":"SERVER","level":"info","message":"Server startup finished.","timestamp":"2020-06-21 18:41:14"}
{"ip":"LOCALHOST","url":"SERVER","level":"info","message":"Server startup finished.","timestamp":"2020-06-21 18:41:21"}
{"ip":"LOCALHOST","url":"SERVER","level":"info","message":"Server startup finished.","timestamp":"2020-06-21 18:42:17"}
{"ip":"LOCALHOST","url":"SERVER","level":"info","message":"Server startup finished.","timestamp":"2020-06-21 18:42:22"}
{"ip":"LOCALHOST","url":"SERVER","level":"info","message":"Server startup finished.","timestamp":"2020-06-21 18:42:31"}
{"ip":"LOCALHOST","url":"SERVER","level":"info","message":"Server startup finished.","timestamp":"2020-06-21 18:42:54"}
{"ip":"LOCALHOST","url":"SERVER","level":"info","message":"Server startup finished.","timestamp":"2020-06-21 18:43:18"}
{"ip":"LOCALHOST","url":"SERVER","level":"info","message":"Server startup finished.","timestamp":"2020-06-21 18:43:30"}
{"ip":"LOCALHOST","url":"SERVER","level":"info","message":"Server startup finished.","timestamp":"2020-06-21 18:44:47"}
{"ip":"LOCALHOST","url":"SERVER","level":"info","message":"Server startup finished.","timestamp":"2020-06-21 18:45:30"}
{"ip":"LOCALHOST","url":"SERVER","level":"info","message":"Server startup finished.","timestamp":"2020-06-21 18:46:56"}
{"ip":"LOCALHOST","url":"SERVER","level":"info","message":"Server startup finished.","timestamp":"2020-06-21 18:47:05"}
{"ip":"LOCALHOST","url":"SERVER","level":"info","message":"Server startup finished.","timestamp":"2020-06-21 18:48:10"}
{"ip":"LOCALHOST","url":"SERVER","level":"info","message":"Server startup finished.","timestamp":"2020-06-21 18:48:49"}
{"ip":"LOCALHOST","url":"SERVER","level":"info","message":"Server startup finished.","timestamp":"2020-06-21 18:48:52"}
{"ip":"LOCALHOST","url":"SERVER","level":"info","message":"Server startup finished.","timestamp":"2020-06-21 18:48:58"}
{"ip":"LOCALHOST","url":"SERVER","level":"info","message":"Server startup finished.","timestamp":"2020-06-21 18:49:08"}
{"ip":"LOCALHOST","url":"SERVER","level":"info","message":"Server startup finished.","timestamp":"2020-06-21 18:50:12"}
{"ip":"LOCALHOST","url":"SERVER","level":"info","message":"Server startup finished.","timestamp":"2020-06-21 18:50:36"}
{"ip":"LOCALHOST","url":"SERVER","level":"info","message":"Server startup finished.","timestamp":"2020-06-21 18:51:26"}
{"ip":"LOCALHOST","url":"SERVER","level":"info","message":"Server startup finished.","timestamp":"2020-06-21 18:51:47"}
{"ip":"LOCALHOST","url":"SERVER","level":"info","message":"Server startup finished.","timestamp":"2020-06-21 18:52:02"}
{"ip":"LOCALHOST","url":"SERVER","level":"info","message":"Server startup finished.","timestamp":"2020-06-21 18:52:11"}
{"ip":"LOCALHOST","url":"SERVER","level":"info","message":"Server startup finished.","timestamp":"2020-06-21 18:52:42"}
{"ip":"LOCALHOST","url":"SERVER","level":"info","message":"Server startup finished.","timestamp":"2020-06-21 18:54:09"}
{"ip":"LOCALHOST","url":"SERVER","level":"info","message":"Server startup finished.","timestamp":"2020-06-21 18:54:12"}
{"ip":"LOCALHOST","url":"SERVER","level":"info","message":"Server startup finished.","timestamp":"2020-06-21 18:55:04"}
{"ip":"LOCALHOST","url":"SERVER","level":"info","message":"Server startup finished.","timestamp":"2020-06-21 18:55:40"}
{"ip":"LOCALHOST","url":"SERVER","level":"info","message":"Server startup finished.","timestamp":"2020-06-21 18:58:11"}
{"ip":"LOCALHOST","url":"SERVER","level":"info","message":"Server startup finished.","timestamp":"2020-06-21 18:58:13"}
{"ip":"LOCALHOST","url":"SERVER","level":"info","message":"Server startup finished.","timestamp":"2020-06-21 18:58:53"}
{"ip":"LOCALHOST","url":"SERVER","level":"info","message":"Server startup finished.","timestamp":"2020-06-21 18:59:00"}
{"ip":"LOCALHOST","url":"SERVER","level":"info","message":"Server startup finished.","timestamp":"2020-06-21 18:59:08"}
{"ip":"LOCALHOST","url":"SERVER","level":"info","message":"Server startup finished.","timestamp":"2020-06-21 19:00:21"}
{"ip":"LOCALHOST","url":"SERVER","level":"info","message":"Server startup finished.","timestamp":"2020-06-21 19:01:52"}
{"ip":"LOCALHOST","url":"SERVER","level":"info","message":"Server startup finished.","timestamp":"2020-06-21 19:02:06"}
{"ip":"LOCALHOST","url":"SERVER","level":"info","message":"Server startup finished.","timestamp":"2020-06-21 19:02:11"}
{"ip":"LOCALHOST","url":"SERVER","level":"info","message":"Server startup finished.","timestamp":"2020-06-21 19:02:23"}
{"ip":"LOCALHOST","url":"SERVER","level":"info","message":"Server startup finished.","timestamp":"2020-06-21 19:02:54"}
{"ip":"LOCALHOST","url":"SERVER","level":"info","message":"Server startup finished.","timestamp":"2020-06-21 19:03:25"}
{"ip":"LOCALHOST","url":"SERVER","level":"info","message":"Server startup finished.","timestamp":"2020-06-21 19:05:02"}
{"ip":"LOCALHOST","url":"SERVER","level":"info","message":"Server startup finished.","timestamp":"2020-06-21 19:05:31"}
{"ip":"LOCALHOST","url":"SERVER","level":"info","message":"Server startup finished.","timestamp":"2020-06-21 19:05:54"}
{"ip":"LOCALHOST","url":"SERVER","level":"info","message":"Server startup finished.","timestamp":"2020-06-21 19:08:02"}
{"ip":"LOCALHOST","url":"SERVER","level":"info","message":"Server startup finished.","timestamp":"2020-06-21 19:12:30"}
{"ip":"LOCALHOST","url":"SERVER","level":"info","message":"Server startup finished.","timestamp":"2020-06-21 19:17:43"}
{"ip":"LOCALHOST","url":"SERVER","level":"info","message":"Server startup finished.","timestamp":"2020-06-21 19:19:05"}
{"ip":"LOCALHOST","url":"SERVER","level":"info","message":"Server startup finished.","timestamp":"2020-06-21 19:19:55"}
{"ip":"LOCALHOST","url":"SERVER","level":"info","message":"Server startup finished.","timestamp":"2020-06-21 19:21:47"}
{"ip":"LOCALHOST","url":"SERVER","level":"info","message":"Server startup finished.","timestamp":"2020-06-21 19:23:32"}
{"ip":"LOCALHOST","url":"SERVER","level":"info","message":"Server startup finished.","timestamp":"2020-06-21 19:24:51"}
{"ip":"LOCALHOST","url":"SERVER","level":"info","message":"Server startup finished.","timestamp":"2020-06-21 19:25:56"}
{"ip":"LOCALHOST","url":"SERVER","level":"info","message":"Server startup finished.","timestamp":"2020-06-21 19:25:58"}
{"ip":"LOCALHOST","url":"SERVER","level":"info","message":"Server startup finished.","timestamp":"2020-06-21 19:26:15"}
{"ip":"LOCALHOST","url":"SERVER","level":"info","message":"Server startup finished.","timestamp":"2020-06-21 19:27:53"}
{"ip":"LOCALHOST","url":"SERVER","level":"info","message":"Server startup finished.","timestamp":"2020-06-21 19:28:27"}
{"ip":"LOCALHOST","url":"SERVER","level":"info","message":"Server startup finished.","timestamp":"2020-06-21 19:31:28"}
{"ip":"LOCALHOST","url":"SERVER","level":"info","message":"Server startup finished.","timestamp":"2020-06-21 19:31:49"}
{"ip":"LOCALHOST","url":"SERVER","level":"info","message":"Server startup finished.","timestamp":"2020-06-21 19:33:28"}
{"ip":"LOCALHOST","url":"SERVER","level":"info","message":"Server startup finished.","timestamp":"2020-06-21 19:34:02"}
{"ip":"LOCALHOST","url":"SERVER","level":"info","message":"Server startup finished.","timestamp":"2020-06-21 19:34:07"}
{"ip":"LOCALHOST","url":"SERVER","level":"info","message":"Server startup finished.","timestamp":"2020-06-21 19:34:53"}
{"ip":"LOCALHOST","url":"SERVER","level":"info","message":"Server startup finished.","timestamp":"2020-06-21 19:35:58"}
{"ip":"LOCALHOST","url":"SERVER","level":"info","message":"Server startup finished.","timestamp":"2020-06-21 19:36:03"}
{"ip":"LOCALHOST","url":"SERVER","level":"info","message":"Server startup finished.","timestamp":"2020-06-21 19:36:20"}
{"ip":"LOCALHOST","url":"SERVER","level":"info","message":"Server startup finished.","timestamp":"2020-06-21 19:36:45"}
{"ip":"LOCALHOST","url":"SERVER","level":"info","message":"Server startup finished.","timestamp":"2020-06-21 19:37:31"}
{"ip":"LOCALHOST","url":"SERVER","level":"info","message":"Server startup finished.","timestamp":"2020-06-21 19:37:40"}
{"ip":"LOCALHOST","url":"SERVER","level":"info","message":"Server startup finished.","timestamp":"2020-06-21 19:38:17"}
{"ip":"LOCALHOST","url":"SERVER","level":"info","message":"Server startup finished.","timestamp":"2020-06-21 19:38:49"}
{"ip":"LOCALHOST","url":"SERVER","level":"info","message":"Server startup finished.","timestamp":"2020-06-21 19:38:51"}
{"ip":"LOCALHOST","url":"SERVER","level":"info","message":"Server startup finished.","timestamp":"2020-06-21 19:38:53"}
{"ip":"LOCALHOST","url":"SERVER","level":"info","message":"Server startup finished.","timestamp":"2020-06-21 19:40:11"}
{"ip":"LOCALHOST","url":"SERVER","level":"info","message":"Server startup finished.","timestamp":"2020-06-21 19:40:20"}
{"ip":"LOCALHOST","url":"SERVER","level":"info","message":"Server startup finished.","timestamp":"2020-06-21 19:46:56"}
{"ip":"LOCALHOST","url":"SERVER","level":"info","message":"Server startup finished.","timestamp":"2020-06-21 19:46:59"}
{"ip":"LOCALHOST","url":"SERVER","level":"info","message":"Server startup finished.","timestamp":"2020-06-21 19:47:04"}
{"ip":"LOCALHOST","url":"SERVER","level":"info","message":"Server startup finished.","timestamp":"2020-06-21 19:49:42"}
{"ip":"LOCALHOST","url":"SERVER","level":"info","message":"Server startup finished.","timestamp":"2020-06-21 19:50:04"}
{"ip":"LOCALHOST","url":"SERVER","level":"info","message":"Server startup finished.","timestamp":"2020-06-21 19:50:08"}
{"ip":"LOCALHOST","url":"SERVER","level":"info","message":"Server startup finished.","timestamp":"2020-06-21 19:50:50"}
{"ip":"LOCALHOST","url":"SERVER","level":"info","message":"Server startup finished.","timestamp":"2020-06-21 19:51:53"}
{"ip":"LOCALHOST","url":"SERVER","level":"info","message":"Server startup finished.","timestamp":"2020-06-21 19:51:57"}
{"ip":"LOCALHOST","url":"SERVER","level":"info","message":"Server startup finished.","timestamp":"2020-06-21 19:52:23"}
{"ip":"LOCALHOST","url":"SERVER","level":"info","message":"Server startup finished.","timestamp":"2020-06-21 19:52:27"}
{"ip":"LOCALHOST","url":"SERVER","level":"info","message":"Server startup finished.","timestamp":"2020-06-21 19:52:52"}
{"ip":"LOCALHOST","url":"SERVER","level":"info","message":"Server startup finished.","timestamp":"2020-06-21 19:53:00"}
{"ip":"LOCALHOST","url":"SERVER","level":"info","message":"Server startup finished.","timestamp":"2020-06-21 20:01:59"}
{"ip":"LOCALHOST","url":"SERVER","level":"info","message":"Server startup finished.","timestamp":"2020-06-21 20:02:07"}
{"ip":"LOCALHOST","url":"SERVER","level":"info","message":"Server startup finished.","timestamp":"2020-06-21 20:03:07"}
{"ip":"LOCALHOST","url":"SERVER","level":"info","message":"Server startup finished.","timestamp":"2020-06-21 20:04:01"}
{"ip":"LOCALHOST","url":"SERVER","level":"info","message":"Server startup finished.","timestamp":"2020-06-21 20:07:27"}
{"ip":"LOCALHOST","url":"SERVER","level":"info","message":"Server startup finished.","timestamp":"2020-06-21 20:08:26"}
{"ip":"LOCALHOST","url":"SERVER","level":"info","message":"Server startup finished.","timestamp":"2020-06-21 20:08:43"}
{"ip":"LOCALHOST","url":"SERVER","level":"info","message":"Server startup finished.","timestamp":"2020-06-21 20:08:49"}
{"ip":"LOCALHOST","url":"SERVER","level":"info","message":"Server startup finished.","timestamp":"2020-06-21 20:09:21"}
{"ip":"LOCALHOST","url":"SERVER","level":"info","message":"Server startup finished.","timestamp":"2020-06-21 20:10:53"}
{"ip":"LOCALHOST","url":"SERVER","level":"info","message":"Server startup finished.","timestamp":"2020-06-21 20:11:59"}
{"ip":"LOCALHOST","url":"SERVER","level":"info","message":"Server startup finished.","timestamp":"2020-06-21 20:16:53"}
{"ip":"LOCALHOST","url":"SERVER","level":"info","message":"Server startup finished.","timestamp":"2020-06-21 20:18:07"}
{"ip":"LOCALHOST","url":"SERVER","level":"info","message":"Server startup finished.","timestamp":"2020-06-21 20:18:39"}
{"ip":"LOCALHOST","url":"SERVER","level":"info","message":"Server startup finished.","timestamp":"2020-06-21 20:19:15"}
{"ip":"LOCALHOST","url":"SERVER","level":"info","message":"Server startup finished.","timestamp":"2020-06-21 20:19:31"}
{"ip":"LOCALHOST","url":"SERVER","level":"info","message":"Server startup finished.","timestamp":"2020-06-21 20:19:49"}
{"ip":"LOCALHOST","url":"SERVER","level":"info","message":"Server startup finished.","timestamp":"2020-06-21 20:20:47"}
{"ip":"LOCALHOST","url":"SERVER","level":"info","message":"Server startup finished.","timestamp":"2020-06-21 20:21:01"}
{"ip":"LOCALHOST","url":"SERVER","level":"info","message":"Server startup finished.","timestamp":"2020-06-21 20:21:50"}
{"ip":"LOCALHOST","url":"SERVER","level":"info","message":"Server startup finished.","timestamp":"2020-06-21 20:22:04"}
{"ip":"LOCALHOST","url":"SERVER","level":"info","message":"Server startup finished.","timestamp":"2020-06-21 20:22:31"}
{"ip":"LOCALHOST","url":"SERVER","level":"info","message":"Server startup finished.","timestamp":"2020-06-21 20:22:33"}
{"ip":"LOCALHOST","url":"SERVER","level":"info","message":"Server startup finished.","timestamp":"2020-06-21 20:22:45"}
{"ip":"LOCALHOST","url":"SERVER","level":"info","message":"Server startup finished.","timestamp":"2020-06-21 20:23:03"}
{"ip":"LOCALHOST","url":"SERVER","level":"info","message":"Server startup finished.","timestamp":"2020-06-21 20:23:24"}
{"ip":"LOCALHOST","url":"SERVER","level":"info","message":"Server startup finished.","timestamp":"2020-06-21 20:25:17"}
{"ip":"LOCALHOST","url":"SERVER","level":"info","message":"Server startup finished.","timestamp":"2020-06-21 20:26:03"}
{"ip":"LOCALHOST","url":"SERVER","level":"info","message":"Server startup finished.","timestamp":"2020-06-21 20:26:24"}
{"ip":"LOCALHOST","url":"SERVER","level":"info","message":"Server startup finished.","timestamp":"2020-06-21 20:26:31"}
{"ip":"LOCALHOST","url":"SERVER","level":"info","message":"Server startup finished.","timestamp":"2020-06-21 20:26:44"}
{"ip":"LOCALHOST","url":"SERVER","level":"info","message":"Server startup finished.","timestamp":"2020-06-21 20:27:22"}
{"ip":"LOCALHOST","url":"SERVER","level":"info","message":"Server startup finished.","timestamp":"2020-06-21 20:27:37"}
{"ip":"LOCALHOST","url":"SERVER","level":"info","message":"Server startup finished.","timestamp":"2020-06-21 20:27:53"}
{"ip":"LOCALHOST","url":"SERVER","level":"info","message":"Server startup finished.","timestamp":"2020-06-21 20:29:19"}
{"ip":"LOCALHOST","url":"SERVER","level":"info","message":"Server startup finished.","timestamp":"2020-06-21 20:31:24"}
{"ip":"LOCALHOST","url":"SERVER","level":"info","message":"Server startup finished.","timestamp":"2020-06-21 20:34:50"}
{"ip":"LOCALHOST","url":"SERVER","level":"info","message":"Server startup finished.","timestamp":"2020-06-21 20:34:58"}
{"ip":"LOCALHOST","url":"SERVER","level":"info","message":"Server startup finished.","timestamp":"2020-06-21 20:36:07"}
{"ip":"LOCALHOST","url":"SERVER","level":"info","message":"Server startup finished.","timestamp":"2020-06-21 20:36:27"}
{"ip":"LOCALHOST","url":"SERVER","level":"info","message":"Server startup finished.","timestamp":"2020-06-21 20:36:38"}
{"ip":"LOCALHOST","url":"SERVER","level":"info","message":"Server startup finished.","timestamp":"2020-06-21 20:36:50"}
{"ip":"LOCALHOST","url":"SERVER","level":"info","message":"Server startup finished.","timestamp":"2020-06-21 20:37:23"}
{"ip":"LOCALHOST","url":"SERVER","level":"info","message":"Server startup finished.","timestamp":"2020-06-21 20:37:38"}
{"ip":"LOCALHOST","url":"SERVER","level":"info","message":"Server startup finished.","timestamp":"2020-06-21 20:37:51"}
{"ip":"LOCALHOST","url":"SERVER","level":"info","message":"Server startup finished.","timestamp":"2020-06-21 20:38:03"}
{"ip":"LOCALHOST","url":"SERVER","level":"info","message":"Server startup finished.","timestamp":"2020-06-21 20:38:12"}
{"ip":"LOCALHOST","url":"SERVER","level":"info","message":"Server startup finished.","timestamp":"2020-06-21 20:38:37"}
{"ip":"LOCALHOST","url":"SERVER","level":"info","message":"Server startup finished.","timestamp":"2020-06-21 20:39:36"}
{"ip":"LOCALHOST","url":"SERVER","level":"info","message":"Server startup finished.","timestamp":"2020-06-21 20:40:04"}
{"ip":"LOCALHOST","url":"SERVER","level":"info","message":"Server startup finished.","timestamp":"2020-06-21 20:40:14"}
{"ip":"LOCALHOST","url":"SERVER","level":"info","message":"Server startup finished.","timestamp":"2020-06-21 20:40:53"}
{"ip":"LOCALHOST","url":"SERVER","level":"info","message":"Server startup finished.","timestamp":"2020-06-21 20:41:20"}
{"ip":"LOCALHOST","url":"SERVER","level":"info","message":"Server startup finished.","timestamp":"2020-06-21 20:41:42"}
{"ip":"LOCALHOST","url":"SERVER","level":"info","message":"Server startup finished.","timestamp":"2020-06-21 20:41:43"}
{"ip":"LOCALHOST","url":"SERVER","level":"info","message":"Server startup finished.","timestamp":"2020-06-21 20:42:16"}
{"ip":"LOCALHOST","url":"SERVER","level":"info","message":"Server startup finished.","timestamp":"2020-06-21 20:43:32"}
{"ip":"LOCALHOST","url":"SERVER","level":"info","message":"Server startup finished.","timestamp":"2020-06-21 20:44:17"}
{"ip":"LOCALHOST","url":"SERVER","level":"info","message":"Server startup finished.","timestamp":"2020-06-21 20:44:19"}
{"ip":"LOCALHOST","url":"SERVER","level":"info","message":"Server startup finished.","timestamp":"2020-06-21 20:47:11"}
{"ip":"LOCALHOST","url":"SERVER","level":"info","message":"Server startup finished.","timestamp":"2020-06-21 20:57:11"}
{"ip":"LOCALHOST","url":"SERVER","level":"info","message":"Server startup finished.","timestamp":"2020-06-21 20:57:29"}
{"ip":"LOCALHOST","url":"SERVER","level":"info","message":"Server startup finished.","timestamp":"2020-06-21 21:01:11"}
{"ip":"LOCALHOST","url":"SERVER","level":"info","message":"Server startup finished.","timestamp":"2020-06-21 21:01:29"}
{"ip":"LOCALHOST","url":"SERVER","level":"info","message":"Server startup finished.","timestamp":"2020-06-21 21:03:05"}
{"ip":"192.168.0.1","url":"api/logout","level":"info","message":"Logout requested.","timestamp":"2020-06-21 21:09:51"}
{"ip":"192.168.0.1","url":"api/login","detail":"111","level":"info","message":"Login requested.","timestamp":"2020-06-21 21:09:58"}
{"ip":"192.168.0.1","url":"api/logout","detail":"111","level":"info","message":"Logout requested.","timestamp":"2020-06-21 21:10:04"}
{"ip":"192.168.0.1","url":"api/login","detail":"222","level":"info","message":"Login requested.","timestamp":"2020-06-21 21:10:09"}
{"ip":"192.168.0.1","url":"api/logout","detail":"222","level":"info","message":"Logout requested.","timestamp":"2020-06-21 21:13:00"}
{"ip":"192.168.0.1","url":"api/login","detail":"333","level":"info","message":"Login requested.","timestamp":"2020-06-21 21:13:14"}
{"ip":"192.168.0.1","url":"api/logout","detail":"333","level":"info","message":"Logout requested.","timestamp":"2020-06-21 21:13:34"}
{"ip":"192.168.0.1","url":"api/login","detail":"333","level":"info","message":"Login requested.","timestamp":"2020-06-21 21:13:40"}
{"ip":"LOCALHOST","url":"SERVER","level":"info","message":"Server startup finished.","timestamp":"2020-06-21 21:13:51"}
{"ip":"192.168.0.1","url":"api/logout","detail":"333","level":"info","message":"Logout requested.","timestamp":"2020-06-21 21:13:54"}
{"ip":"192.168.0.1","url":"api/login","detail":"333","level":"info","message":"Login requested.","timestamp":"2020-06-21 21:14:01"}
{"ip":"LOCALHOST","url":"SERVER","level":"info","message":"Server startup finished.","timestamp":"2020-06-21 21:15:48"}
{"ip":"LOCALHOST","url":"SERVER","level":"info","message":"Server startup finished.","timestamp":"2020-06-21 21:16:41"}
{"ip":"LOCALHOST","url":"SERVER","level":"info","message":"Server startup finished.","timestamp":"2020-06-21 21:16:58"}
{"ip":"LOCALHOST","url":"SERVER","level":"info","message":"Server startup finished.","timestamp":"2020-06-21 21:20:29"}
{"ip":"LOCALHOST","url":"SERVER","level":"info","message":"Server startup finished.","timestamp":"2020-06-21 21:21:07"}
{"ip":"LOCALHOST","url":"SERVER","level":"info","message":"Server startup finished.","timestamp":"2020-06-21 21:21:08"}
{"ip":"LOCALHOST","url":"SERVER","level":"info","message":"Server startup finished.","timestamp":"2020-06-21 21:25:01"}
{"ip":"LOCALHOST","url":"SERVER","level":"info","message":"Server startup finished.","timestamp":"2020-06-21 21:25:40"}
{"ip":"LOCALHOST","url":"SERVER","level":"info","message":"Server startup finished.","timestamp":"2020-06-21 21:25:48"}
{"ip":"LOCALHOST","url":"SERVER","level":"info","message":"Server startup finished.","timestamp":"2020-06-21 21:31:13"}
{"ip":"LOCALHOST","url":"SERVER","level":"info","message":"Server startup finished.","timestamp":"2020-06-21 21:35:12"}
{"ip":"LOCALHOST","url":"SERVER","level":"info","message":"Server startup finished.","timestamp":"2020-06-21 21:36:33"}
{"ip":"LOCALHOST","url":"SERVER","level":"info","message":"Server startup finished.","timestamp":"2020-06-21 21:37:03"}
{"ip":"LOCALHOST","url":"SERVER","level":"info","message":"Server startup finished.","timestamp":"2020-06-21 21:37:20"}
{"ip":"LOCALHOST","url":"SERVER","level":"info","message":"Server startup finished.","timestamp":"2020-06-21 21:38:46"}
{"ip":"LOCALHOST","url":"SERVER","level":"info","message":"Server startup finished.","timestamp":"2020-06-21 21:38:58"}
{"ip":"LOCALHOST","url":"SERVER","level":"info","message":"Server startup finished.","timestamp":"2020-06-21 21:38:59"}
{"ip":"LOCALHOST","url":"SERVER","level":"info","message":"Server startup finished.","timestamp":"2020-06-21 21:39:05"}
{"ip":"LOCALHOST","url":"SERVER","level":"info","message":"Server startup finished.","timestamp":"2020-06-21 21:39:47"}
{"ip":"LOCALHOST","url":"SERVER","level":"info","message":"Server startup finished.","timestamp":"2020-06-21 21:40:52"}
{"ip":"LOCALHOST","url":"SERVER","level":"info","message":"Server startup finished.","timestamp":"2020-06-21 21:41:05"}
{"ip":"LOCALHOST","url":"SERVER","level":"info","message":"Server startup finished.","timestamp":"2020-06-21 21:41:29"}
{"ip":"LOCALHOST","url":"SERVER","level":"info","message":"Server startup finished.","timestamp":"2020-06-21 21:43:46"}
{"ip":"LOCALHOST","url":"SERVER","level":"info","message":"Server startup finished.","timestamp":"2020-06-21 21:43:56"}
{"ip":"LOCALHOST","url":"SERVER","level":"info","message":"Server startup finished.","timestamp":"2020-06-21 21:45:38"}
{"ip":"LOCALHOST","url":"SERVER","level":"info","message":"Server startup finished.","timestamp":"2020-06-21 21:45:57"}
{"ip":"LOCALHOST","url":"SERVER","level":"info","message":"Server startup finished.","timestamp":"2020-06-21 21:47:13"}
{"ip":"LOCALHOST","url":"SERVER","level":"info","message":"Server startup finished.","timestamp":"2020-06-21 21:47:27"}
{"ip":"LOCALHOST","url":"SERVER","level":"info","message":"Server startup finished.","timestamp":"2020-06-21 21:49:29"}
{"ip":"LOCALHOST","url":"SERVER","level":"info","message":"Server startup finished.","timestamp":"2020-06-21 21:49:43"}
{"ip":"LOCALHOST","url":"SERVER","level":"info","message":"Server startup finished.","timestamp":"2020-06-21 21:50:18"}
{"ip":"LOCALHOST","url":"SERVER","level":"info","message":"Server startup finished.","timestamp":"2020-06-21 21:50:44"}
{"ip":"LOCALHOST","url":"SERVER","level":"info","message":"Server startup finished.","timestamp":"2020-06-21 21:51:02"}
{"ip":"LOCALHOST","url":"SERVER","level":"info","message":"Server startup finished.","timestamp":"2020-06-21 21:51:17"}
{"ip":"LOCALHOST","url":"SERVER","level":"info","message":"Server startup finished.","timestamp":"2020-06-21 21:52:31"}
{"ip":"LOCALHOST","url":"SERVER","level":"info","message":"Server startup finished.","timestamp":"2020-06-21 21:52:58"}
{"ip":"LOCALHOST","url":"SERVER","level":"info","message":"Server startup finished.","timestamp":"2020-06-21 21:53:10"}
{"ip":"LOCALHOST","url":"SERVER","level":"info","message":"Server startup finished.","timestamp":"2020-06-21 21:53:25"}
{"ip":"LOCALHOST","url":"SERVER","level":"info","message":"Server startup finished.","timestamp":"2020-06-21 21:53:50"}
{"ip":"LOCALHOST","url":"SERVER","level":"info","message":"Server startup finished.","timestamp":"2020-06-21 21:53:58"}
{"ip":"LOCALHOST","url":"SERVER","level":"info","message":"Server startup finished.","timestamp":"2020-06-21 21:54:04"}
{"ip":"LOCALHOST","url":"SERVER","level":"info","message":"Server startup finished.","timestamp":"2020-06-21 21:54:10"}
{"ip":"LOCALHOST","url":"SERVER","level":"info","message":"Server startup finished.","timestamp":"2020-06-21 21:54:17"}
{"ip":"LOCALHOST","url":"SERVER","level":"info","message":"Server startup finished.","timestamp":"2020-06-21 21:54:24"}
{"ip":"LOCALHOST","url":"SERVER","level":"info","message":"Server startup finished.","timestamp":"2020-06-21 21:54:34"}
{"ip":"LOCALHOST","url":"SERVER","level":"info","message":"Server startup finished.","timestamp":"2020-06-21 21:54:43"}
{"ip":"LOCALHOST","url":"SERVER","level":"info","message":"Server startup finished.","timestamp":"2020-06-21 21:54:55"}
{"ip":"LOCALHOST","url":"SERVER","level":"info","message":"Server startup finished.","timestamp":"2020-06-21 21:54:57"}
{"ip":"LOCALHOST","url":"SERVER","level":"info","message":"Server startup finished.","timestamp":"2020-06-21 21:56:54"}
{"ip":"LOCALHOST","url":"SERVER","level":"info","message":"Server startup finished.","timestamp":"2020-06-21 21:57:06"}
{"ip":"LOCALHOST","url":"SERVER","level":"info","message":"Server startup finished.","timestamp":"2020-06-21 21:57:18"}
{"ip":"LOCALHOST","url":"SERVER","level":"info","message":"Server startup finished.","timestamp":"2020-06-21 21:58:00"}
{"ip":"LOCALHOST","url":"SERVER","level":"info","message":"Server startup finished.","timestamp":"2020-06-21 21:58:15"}
{"ip":"LOCALHOST","url":"SERVER","level":"info","message":"Server startup finished.","timestamp":"2020-06-21 21:58:20"}
{"ip":"LOCALHOST","url":"SERVER","level":"info","message":"Server startup finished.","timestamp":"2020-06-21 21:58:27"}
{"ip":"LOCALHOST","url":"SERVER","level":"info","message":"Server startup finished.","timestamp":"2020-06-21 21:59:07"}
{"ip":"LOCALHOST","url":"SERVER","level":"info","message":"Server startup finished.","timestamp":"2020-06-21 21:59:30"}
{"ip":"LOCALHOST","url":"SERVER","level":"info","message":"Server startup finished.","timestamp":"2020-06-21 22:01:16"}
{"ip":"LOCALHOST","url":"SERVER","level":"info","message":"Server startup finished.","timestamp":"2020-06-21 22:01:37"}
{"ip":"LOCALHOST","url":"SERVER","level":"info","message":"Server startup finished.","timestamp":"2020-06-21 22:02:00"}
{"ip":"LOCALHOST","url":"SERVER","level":"info","message":"Server startup finished.","timestamp":"2020-06-21 22:02:16"}
{"ip":"LOCALHOST","url":"SERVER","level":"info","message":"Server startup finished.","timestamp":"2020-06-21 22:02:23"}
{"ip":"LOCALHOST","url":"SERVER","level":"info","message":"Server startup finished.","timestamp":"2020-06-21 22:03:34"}
{"ip":"LOCALHOST","url":"SERVER","level":"info","message":"Server startup finished.","timestamp":"2020-06-21 22:04:21"}
{"ip":"LOCALHOST","url":"SERVER","level":"info","message":"Server startup finished.","timestamp":"2020-06-21 22:05:23"}
{"ip":"LOCALHOST","url":"SERVER","level":"info","message":"Server startup finished.","timestamp":"2020-06-21 22:05:39"}
{"ip":"LOCALHOST","url":"SERVER","level":"info","message":"Server startup finished.","timestamp":"2020-06-21 22:05:52"}
{"ip":"LOCALHOST","url":"SERVER","level":"info","message":"Server startup finished.","timestamp":"2020-06-21 22:06:16"}
{"ip":"LOCALHOST","url":"SERVER","level":"info","message":"Server startup finished.","timestamp":"2020-06-21 22:06:31"}
{"ip":"LOCALHOST","url":"SERVER","level":"info","message":"Server startup finished.","timestamp":"2020-06-21 22:06:53"}
{"ip":"LOCALHOST","url":"SERVER","level":"info","message":"Server startup finished.","timestamp":"2020-06-21 22:07:04"}
{"ip":"LOCALHOST","url":"SERVER","level":"info","message":"Server startup finished.","timestamp":"2020-06-21 22:07:55"}
{"ip":"LOCALHOST","url":"SERVER","level":"info","message":"Server startup finished.","timestamp":"2020-06-21 22:10:31"}
{"ip":"LOCALHOST","url":"SERVER","level":"info","message":"Server startup finished.","timestamp":"2020-06-21 22:10:52"}
{"ip":"LOCALHOST","url":"SERVER","level":"info","message":"Server startup finished.","timestamp":"2020-06-21 22:11:47"}
{"ip":"LOCALHOST","url":"SERVER","level":"info","message":"Server startup finished.","timestamp":"2020-06-21 22:12:05"}
{"ip":"LOCALHOST","url":"SERVER","level":"info","message":"Server startup finished.","timestamp":"2020-06-21 22:12:17"}
{"ip":"LOCALHOST","url":"SERVER","level":"info","message":"Server startup finished.","timestamp":"2020-06-21 22:12:56"}
{"ip":"LOCALHOST","url":"SERVER","level":"info","message":"Server startup finished.","timestamp":"2020-06-21 22:13:45"}
{"ip":"LOCALHOST","url":"SERVER","level":"info","message":"Server startup finished.","timestamp":"2020-06-21 22:13:51"}
{"ip":"LOCALHOST","url":"SERVER","level":"info","message":"Server startup finished.","timestamp":"2020-06-21 22:14:27"}
{"ip":"LOCALHOST","url":"SERVER","level":"info","message":"Server startup finished.","timestamp":"2020-06-21 22:14:38"}
{"ip":"LOCALHOST","url":"SERVER","level":"info","message":"Server startup finished.","timestamp":"2020-06-21 22:14:45"}
{"ip":"LOCALHOST","url":"SERVER","level":"info","message":"Server startup finished.","timestamp":"2020-06-21 22:15:13"}
{"ip":"LOCALHOST","url":"SERVER","level":"info","message":"Server startup finished.","timestamp":"2020-06-21 22:15:44"}
{"ip":"LOCALHOST","url":"SERVER","level":"info","message":"Server startup finished.","timestamp":"2020-06-21 22:15:53"}
{"ip":"LOCALHOST","url":"SERVER","level":"info","message":"Server startup finished.","timestamp":"2020-06-21 22:16:10"}
{"ip":"LOCALHOST","url":"SERVER","level":"info","message":"Server startup finished.","timestamp":"2020-06-21 22:20:05"}
{"ip":"LOCALHOST","url":"SERVER","level":"info","message":"Server startup finished.","timestamp":"2020-06-21 22:23:03"}
{"ip":"LOCALHOST","url":"SERVER","level":"info","message":"Server startup finished.","timestamp":"2020-06-21 22:23:17"}
{"ip":"LOCALHOST","url":"SERVER","level":"info","message":"Server startup finished.","timestamp":"2020-06-21 22:23:22"}
{"ip":"LOCALHOST","url":"SERVER","level":"info","message":"Server startup finished.","timestamp":"2020-06-21 22:23:40"}
{"ip":"LOCALHOST","url":"SERVER","level":"info","message":"Server startup finished.","timestamp":"2020-06-21 22:25:36"}
{"ip":"LOCALHOST","url":"SERVER","level":"info","message":"Server startup finished.","timestamp":"2020-06-21 22:29:46"}
{"ip":"LOCALHOST","url":"SERVER","level":"info","message":"Server startup finished.","timestamp":"2020-06-21 22:32:05"}
{"ip":"LOCALHOST","url":"SERVER","level":"info","message":"Server startup finished.","timestamp":"2020-06-21 22:32:06"}
{"ip":"LOCALHOST","url":"SERVER","level":"info","message":"Server startup finished.","timestamp":"2020-06-21 22:33:08"}
{"ip":"192.168.0.1","url":"api/login","detail":"333","level":"info","message":"Login requested.","timestamp":"2020-06-21 22:33:24"}
{"ip":"LOCALHOST","url":"SERVER","level":"info","message":"Server startup finished.","timestamp":"2020-06-21 22:35:45"}
{"ip":"LOCALHOST","url":"SERVER","level":"info","message":"Server startup finished.","timestamp":"2020-06-21 22:36:25"}
{"ip":"LOCALHOST","url":"SERVER","level":"info","message":"Server startup finished.","timestamp":"2020-06-21 22:36:31"}
{"ip":"LOCALHOST","url":"SERVER","level":"info","message":"Server startup finished.","timestamp":"2020-06-21 22:36:37"}
{"ip":"LOCALHOST","url":"SERVER","level":"info","message":"Server startup finished.","timestamp":"2020-06-21 22:36:41"}
{"ip":"LOCALHOST","url":"SERVER","level":"info","message":"Server startup finished.","timestamp":"2020-06-21 22:38:58"}
{"ip":"LOCALHOST","url":"SERVER","level":"info","message":"Server startup finished.","timestamp":"2020-06-21 22:39:08"}
{"ip":"LOCALHOST","url":"SERVER","level":"info","message":"Server startup finished.","timestamp":"2020-06-21 22:39:22"}
{"ip":"LOCALHOST","url":"SERVER","level":"info","message":"Server startup finished.","timestamp":"2020-06-21 22:39:49"}
{"ip":"LOCALHOST","url":"SERVER","level":"info","message":"Server startup finished.","timestamp":"2020-06-21 22:42:24"}
{"ip":"LOCALHOST","url":"SERVER","level":"info","message":"Server startup finished.","timestamp":"2020-06-21 22:42:40"}
{"ip":"LOCALHOST","url":"SERVER","level":"info","message":"Server startup finished.","timestamp":"2020-06-21 22:42:51"}
{"ip":"LOCALHOST","url":"SERVER","level":"info","message":"Server startup finished.","timestamp":"2020-06-21 22:42:55"}
{"ip":"LOCALHOST","url":"SERVER","level":"info","message":"Server startup finished.","timestamp":"2020-06-21 22:56:17"}
